DEBUG   2018-09-27 20:08:14,559 [config_parser] Reading properties from file: /home/xolanimxoxozi/Desktop/Demo_presentation/Automation-Testing-Demo/android_behave/conf/properties.cfg
DEBUG   2018-09-27 20:08:14,561 [config_parser] Reading properties from file: /home/xolanimxoxozi/Desktop/Demo_presentation/Automation-Testing-Demo/android_behave/conf/android-properties.cfg
DEBUG   2018-09-27 20:08:14,562 [config_parser] Properties config file not found: /home/xolanimxoxozi/Desktop/Demo_presentation/Automation-Testing-Demo/android_behave/conf/local-android-properties.cfg
DEBUG   2018-09-27 20:08:14,563 [config_parser] Reading properties from file: /home/xolanimxoxozi/Desktop/Demo_presentation/Automation-Testing-Demo/android_behave/conf/android-properties.cfg
DEBUG   2018-09-27 20:08:14,563 [config_parser] Properties config file not found: /home/xolanimxoxozi/Desktop/Demo_presentation/Automation-Testing-Demo/android_behave/conf/local-android-properties.cfg
DEBUG   2018-09-27 20:08:14,564 [config_parser] Reading properties from file: /home/xolanimxoxozi/Desktop/Demo_presentation/Automation-Testing-Demo/android_behave/conf/android-properties.cfg
DEBUG   2018-09-27 20:08:14,564 [config_parser] Properties config file not found: /home/xolanimxoxozi/Desktop/Demo_presentation/Automation-Testing-Demo/android_behave/conf/local-android-properties.cfg
DEBUG   2018-09-27 20:08:14,565 [config_parser] Reading properties from file: /home/xolanimxoxozi/Desktop/Demo_presentation/Automation-Testing-Demo/android_behave/conf/android-properties.cfg
DEBUG   2018-09-27 20:08:14,565 [config_parser] Properties config file not found: /home/xolanimxoxozi/Desktop/Demo_presentation/Automation-Testing-Demo/android_behave/conf/local-android-properties.cfg
DEBUG   2018-09-27 20:08:14,566 [config_parser] Reading properties from file: /home/xolanimxoxozi/Desktop/Demo_presentation/Automation-Testing-Demo/android_behave/conf/android-properties.cfg
DEBUG   2018-09-27 20:08:14,566 [config_parser] Properties config file not found: /home/xolanimxoxozi/Desktop/Demo_presentation/Automation-Testing-Demo/android_behave/conf/local-android-properties.cfg
DEBUG   2018-09-27 20:08:14,567 [config_parser] Reading properties from file: /home/xolanimxoxozi/Desktop/Demo_presentation/Automation-Testing-Demo/android_behave/conf/android-properties.cfg
DEBUG   2018-09-27 20:08:14,567 [config_parser] Properties config file not found: /home/xolanimxoxozi/Desktop/Demo_presentation/Automation-Testing-Demo/android_behave/conf/local-android-properties.cfg
DEBUG   2018-09-27 20:08:14,567 [config_parser] Reading properties from file: /home/xolanimxoxozi/Desktop/Demo_presentation/Automation-Testing-Demo/android_behave/conf/android-properties.cfg
DEBUG   2018-09-27 20:08:14,567 [config_parser] Properties config file not found: /home/xolanimxoxozi/Desktop/Demo_presentation/Automation-Testing-Demo/android_behave/conf/local-android-properties.cfg
INFO    2018-09-27 20:08:14,571 [config_driver] Creating local driver (type = android)
DEBUG   2018-09-27 20:08:14,572 [config_driver] Added Appium server capability: deviceName = Android Emulator
DEBUG   2018-09-27 20:08:14,573 [config_driver] Added Appium server capability: automationName = Appium
DEBUG   2018-09-27 20:08:14,573 [config_driver] Added Appium server capability: browserName = 
DEBUG   2018-09-27 20:08:14,573 [config_driver] Added Appium server capability: appWaitActivity = 
DEBUG   2018-09-27 20:08:14,573 [config_driver] Added Appium server capability: platformName = Android
DEBUG   2018-09-27 20:08:14,573 [config_driver] Added Appium server capability: app = https://github.com/appium/javascript-workshop/blob/master/apps/ApiDemos.apk?raw=true&fake=.apk
DEBUG   2018-09-27 20:08:24,536 [driver_wrapper] Window size: 1440 x 2560
INFO    2018-09-27 20:08:24,590 [environment] Running new scenario: Run views animation
INFO    2018-09-27 20:08:38,951 [environment] The scenario 'Run views animation' has passed
