<<<<<<< HEAD
=======
DEBUG   2018-09-21 11:16:27,119 [config_parser] Reading properties from file: /home/xolanimxoxozi/Desktop/Demo_presentation/Automation-Testing-Demo/android_behave/conf/properties.cfg
DEBUG   2018-09-21 11:16:27,120 [config_parser] Reading properties from file: /home/xolanimxoxozi/Desktop/Demo_presentation/Automation-Testing-Demo/android_behave/conf/android-properties.cfg
DEBUG   2018-09-21 11:16:27,120 [config_parser] Properties config file not found: /home/xolanimxoxozi/Desktop/Demo_presentation/Automation-Testing-Demo/android_behave/conf/local-android-properties.cfg
DEBUG   2018-09-21 11:16:27,120 [config_parser] Reading properties from file: /home/xolanimxoxozi/Desktop/Demo_presentation/Automation-Testing-Demo/android_behave/conf/android-properties.cfg
DEBUG   2018-09-21 11:16:27,120 [config_parser] Properties config file not found: /home/xolanimxoxozi/Desktop/Demo_presentation/Automation-Testing-Demo/android_behave/conf/local-android-properties.cfg
DEBUG   2018-09-21 11:16:27,121 [config_parser] Reading properties from file: /home/xolanimxoxozi/Desktop/Demo_presentation/Automation-Testing-Demo/android_behave/conf/android-properties.cfg
DEBUG   2018-09-21 11:16:27,121 [config_parser] Properties config file not found: /home/xolanimxoxozi/Desktop/Demo_presentation/Automation-Testing-Demo/android_behave/conf/local-android-properties.cfg
INFO    2018-09-21 11:16:27,125 [config_driver] Creating local driver (type = android)
DEBUG   2018-09-21 11:16:27,125 [config_driver] Added Appium server capability: deviceName = Android Emulator
DEBUG   2018-09-21 11:16:27,126 [config_driver] Added Appium server capability: automationName = Appium
DEBUG   2018-09-21 11:16:27,126 [config_driver] Added Appium server capability: browserName = 
DEBUG   2018-09-21 11:16:27,126 [config_driver] Added Appium server capability: appWaitActivity = 
DEBUG   2018-09-21 11:16:27,126 [config_driver] Added Appium server capability: platformName = Android
DEBUG   2018-09-21 11:16:27,126 [config_driver] Added Appium server capability: app = https://github.com/appium/javascript-workshop/blob/master/apps/ApiDemos.apk?raw=true&fake=.apk
DEBUG   2018-09-21 11:16:43,368 [driver_wrapper] Window size: 768 x 1184
INFO    2018-09-21 11:16:43,445 [environment] Running new scenario: scroll through tabs
ERROR   2018-09-21 11:16:48,856 [environment] The scenario 'scroll through tabs' has failed
INFO    2018-09-21 11:16:49,561 [utils] Screenshot saved in /home/xolanimxoxozi/Desktop/Demo_presentation/Automation-Testing-Demo/android_behave/output/screenshots/2018-09-21_111525_android/01_scroll_through_tabs.png
DEBUG   2018-09-21 11:16:49,585 [utils] Reading logs from 'logcat, bugreport, server' and writing them to log files
DEBUG   2018-09-21 11:18:26,179 [config_parser] Reading properties from file: /home/xolanimxoxozi/Desktop/Demo_presentation/Automation-Testing-Demo/android_behave/conf/properties.cfg
DEBUG   2018-09-21 11:18:26,180 [config_parser] Reading properties from file: /home/xolanimxoxozi/Desktop/Demo_presentation/Automation-Testing-Demo/android_behave/conf/android-properties.cfg
DEBUG   2018-09-21 11:18:26,180 [config_parser] Properties config file not found: /home/xolanimxoxozi/Desktop/Demo_presentation/Automation-Testing-Demo/android_behave/conf/local-android-properties.cfg
DEBUG   2018-09-21 11:18:26,180 [config_parser] Reading properties from file: /home/xolanimxoxozi/Desktop/Demo_presentation/Automation-Testing-Demo/android_behave/conf/android-properties.cfg
DEBUG   2018-09-21 11:18:26,180 [config_parser] Properties config file not found: /home/xolanimxoxozi/Desktop/Demo_presentation/Automation-Testing-Demo/android_behave/conf/local-android-properties.cfg
DEBUG   2018-09-21 11:18:26,181 [config_parser] Reading properties from file: /home/xolanimxoxozi/Desktop/Demo_presentation/Automation-Testing-Demo/android_behave/conf/android-properties.cfg
DEBUG   2018-09-21 11:18:26,181 [config_parser] Properties config file not found: /home/xolanimxoxozi/Desktop/Demo_presentation/Automation-Testing-Demo/android_behave/conf/local-android-properties.cfg
INFO    2018-09-21 11:18:26,185 [config_driver] Creating local driver (type = android)
DEBUG   2018-09-21 11:18:26,185 [config_driver] Added Appium server capability: deviceName = Android Emulator
DEBUG   2018-09-21 11:18:26,185 [config_driver] Added Appium server capability: automationName = Appium
DEBUG   2018-09-21 11:18:26,185 [config_driver] Added Appium server capability: browserName = 
DEBUG   2018-09-21 11:18:26,185 [config_driver] Added Appium server capability: appWaitActivity = 
DEBUG   2018-09-21 11:18:26,186 [config_driver] Added Appium server capability: platformName = Android
DEBUG   2018-09-21 11:18:26,186 [config_driver] Added Appium server capability: app = https://github.com/appium/javascript-workshop/blob/master/apps/ApiDemos.apk?raw=true&fake=.apk
DEBUG   2018-09-21 11:18:40,290 [driver_wrapper] Window size: 768 x 1184
INFO    2018-09-21 11:18:40,340 [environment] Running new scenario: scroll through tabs
ERROR   2018-09-21 11:18:45,798 [environment] The scenario 'scroll through tabs' has failed
INFO    2018-09-21 11:18:46,488 [utils] Screenshot saved in /home/xolanimxoxozi/Desktop/Demo_presentation/Automation-Testing-Demo/android_behave/output/screenshots/2018-09-21_111726_android/01_scroll_through_tabs.png
DEBUG   2018-09-21 11:18:46,501 [utils] Reading logs from 'logcat, bugreport, server' and writing them to log files
DEBUG   2018-09-21 11:23:40,329 [config_parser] Reading properties from file: /home/xolanimxoxozi/Desktop/Demo_presentation/Automation-Testing-Demo/android_behave/conf/properties.cfg
DEBUG   2018-09-21 11:23:40,330 [config_parser] Reading properties from file: /home/xolanimxoxozi/Desktop/Demo_presentation/Automation-Testing-Demo/android_behave/conf/android-properties.cfg
DEBUG   2018-09-21 11:23:40,330 [config_parser] Properties config file not found: /home/xolanimxoxozi/Desktop/Demo_presentation/Automation-Testing-Demo/android_behave/conf/local-android-properties.cfg
DEBUG   2018-09-21 11:23:40,330 [config_parser] Reading properties from file: /home/xolanimxoxozi/Desktop/Demo_presentation/Automation-Testing-Demo/android_behave/conf/android-properties.cfg
DEBUG   2018-09-21 11:23:40,331 [config_parser] Properties config file not found: /home/xolanimxoxozi/Desktop/Demo_presentation/Automation-Testing-Demo/android_behave/conf/local-android-properties.cfg
DEBUG   2018-09-21 11:23:40,331 [config_parser] Reading properties from file: /home/xolanimxoxozi/Desktop/Demo_presentation/Automation-Testing-Demo/android_behave/conf/android-properties.cfg
DEBUG   2018-09-21 11:23:40,331 [config_parser] Properties config file not found: /home/xolanimxoxozi/Desktop/Demo_presentation/Automation-Testing-Demo/android_behave/conf/local-android-properties.cfg
INFO    2018-09-21 11:23:40,334 [config_driver] Creating local driver (type = android)
DEBUG   2018-09-21 11:23:40,334 [config_driver] Added Appium server capability: deviceName = Android Emulator
DEBUG   2018-09-21 11:23:40,334 [config_driver] Added Appium server capability: automationName = Appium
DEBUG   2018-09-21 11:23:40,335 [config_driver] Added Appium server capability: browserName = 
DEBUG   2018-09-21 11:23:40,335 [config_driver] Added Appium server capability: appWaitActivity = 
DEBUG   2018-09-21 11:23:40,335 [config_driver] Added Appium server capability: platformName = Android
DEBUG   2018-09-21 11:23:40,335 [config_driver] Added Appium server capability: app = https://github.com/appium/javascript-workshop/blob/master/apps/ApiDemos.apk?raw=true&fake=.apk
DEBUG   2018-09-21 11:23:54,276 [driver_wrapper] Window size: 768 x 1184
INFO    2018-09-21 11:23:54,327 [environment] Running new scenario: scroll through tabs
ERROR   2018-09-21 11:23:59,771 [environment] The scenario 'scroll through tabs' has failed
INFO    2018-09-21 11:24:00,442 [utils] Screenshot saved in /home/xolanimxoxozi/Desktop/Demo_presentation/Automation-Testing-Demo/android_behave/output/screenshots/2018-09-21_112238_android/01_scroll_through_tabs.png
DEBUG   2018-09-21 11:24:00,448 [utils] Reading logs from 'logcat, bugreport, server' and writing them to log files
DEBUG   2018-09-21 11:29:47,270 [config_parser] Reading properties from file: /home/xolanimxoxozi/Desktop/Demo_presentation/Automation-Testing-Demo/android_behave/conf/properties.cfg
DEBUG   2018-09-21 11:29:47,272 [config_parser] Reading properties from file: /home/xolanimxoxozi/Desktop/Demo_presentation/Automation-Testing-Demo/android_behave/conf/android-properties.cfg
DEBUG   2018-09-21 11:29:47,274 [config_parser] Properties config file not found: /home/xolanimxoxozi/Desktop/Demo_presentation/Automation-Testing-Demo/android_behave/conf/local-android-properties.cfg
DEBUG   2018-09-21 11:29:47,276 [config_parser] Reading properties from file: /home/xolanimxoxozi/Desktop/Demo_presentation/Automation-Testing-Demo/android_behave/conf/android-properties.cfg
DEBUG   2018-09-21 11:29:47,277 [config_parser] Properties config file not found: /home/xolanimxoxozi/Desktop/Demo_presentation/Automation-Testing-Demo/android_behave/conf/local-android-properties.cfg
DEBUG   2018-09-21 11:29:47,278 [config_parser] Reading properties from file: /home/xolanimxoxozi/Desktop/Demo_presentation/Automation-Testing-Demo/android_behave/conf/android-properties.cfg
DEBUG   2018-09-21 11:29:47,278 [config_parser] Properties config file not found: /home/xolanimxoxozi/Desktop/Demo_presentation/Automation-Testing-Demo/android_behave/conf/local-android-properties.cfg
INFO    2018-09-21 11:29:47,284 [config_driver] Creating local driver (type = android)
DEBUG   2018-09-21 11:29:47,285 [config_driver] Added Appium server capability: deviceName = Android Emulator
DEBUG   2018-09-21 11:29:47,285 [config_driver] Added Appium server capability: automationName = Appium
DEBUG   2018-09-21 11:29:47,286 [config_driver] Added Appium server capability: browserName = 
DEBUG   2018-09-21 11:29:47,286 [config_driver] Added Appium server capability: appWaitActivity = 
DEBUG   2018-09-21 11:29:47,286 [config_driver] Added Appium server capability: platformName = Android
DEBUG   2018-09-21 11:29:47,286 [config_driver] Added Appium server capability: app = https://github.com/appium/javascript-workshop/blob/master/apps/ApiDemos.apk?raw=true&fake=.apk
DEBUG   2018-09-21 11:30:01,745 [driver_wrapper] Window size: 1440 x 2560
INFO    2018-09-21 11:30:01,815 [environment] Running new scenario: scroll through tabs
INFO    2018-09-21 11:30:17,347 [environment] The scenario 'scroll through tabs' has passed
DEBUG   2018-09-21 12:14:22,418 [config_parser] Reading properties from file: /home/xolanimxoxozi/Desktop/Demo_presentation/Automation-Testing-Demo/android_behave/conf/properties.cfg
DEBUG   2018-09-21 12:14:22,420 [config_parser] Reading properties from file: /home/xolanimxoxozi/Desktop/Demo_presentation/Automation-Testing-Demo/android_behave/conf/android-properties.cfg
DEBUG   2018-09-21 12:14:22,420 [config_parser] Properties config file not found: /home/xolanimxoxozi/Desktop/Demo_presentation/Automation-Testing-Demo/android_behave/conf/local-android-properties.cfg
DEBUG   2018-09-21 12:14:22,421 [config_parser] Reading properties from file: /home/xolanimxoxozi/Desktop/Demo_presentation/Automation-Testing-Demo/android_behave/conf/android-properties.cfg
DEBUG   2018-09-21 12:14:22,422 [config_parser] Properties config file not found: /home/xolanimxoxozi/Desktop/Demo_presentation/Automation-Testing-Demo/android_behave/conf/local-android-properties.cfg
DEBUG   2018-09-21 12:14:22,422 [config_parser] Reading properties from file: /home/xolanimxoxozi/Desktop/Demo_presentation/Automation-Testing-Demo/android_behave/conf/android-properties.cfg
DEBUG   2018-09-21 12:14:22,423 [config_parser] Properties config file not found: /home/xolanimxoxozi/Desktop/Demo_presentation/Automation-Testing-Demo/android_behave/conf/local-android-properties.cfg
INFO    2018-09-21 12:14:22,426 [config_driver] Creating local driver (type = android)
DEBUG   2018-09-21 12:14:22,426 [config_driver] Added Appium server capability: deviceName = Android Emulator
DEBUG   2018-09-21 12:14:22,427 [config_driver] Added Appium server capability: automationName = Appium
DEBUG   2018-09-21 12:14:22,427 [config_driver] Added Appium server capability: browserName = 
DEBUG   2018-09-21 12:14:22,427 [config_driver] Added Appium server capability: appWaitActivity = 
DEBUG   2018-09-21 12:14:22,427 [config_driver] Added Appium server capability: platformName = Android
DEBUG   2018-09-21 12:14:22,427 [config_driver] Added Appium server capability: app = https://github.com/appium/javascript-workshop/blob/master/apps/ApiDemos.apk?raw=true&fake=.apk
DEBUG   2018-09-21 12:14:45,832 [driver_wrapper] Window size: 1440 x 2560
INFO    2018-09-21 12:14:45,899 [environment] Running new scenario: scroll through tabs
INFO    2018-09-21 12:15:01,053 [environment] The scenario 'scroll through tabs' has passed
DEBUG   2018-09-21 15:07:34,958 [config_parser] Reading properties from file: /home/xolanimxoxozi/Desktop/Demo_presentation/Automation-Testing-Demo/android_behave/conf/properties.cfg
DEBUG   2018-09-21 15:07:34,959 [config_parser] Reading properties from file: /home/xolanimxoxozi/Desktop/Demo_presentation/Automation-Testing-Demo/android_behave/conf/android-properties.cfg
DEBUG   2018-09-21 15:07:34,959 [config_parser] Properties config file not found: /home/xolanimxoxozi/Desktop/Demo_presentation/Automation-Testing-Demo/android_behave/conf/local-android-properties.cfg
DEBUG   2018-09-21 15:07:34,960 [config_parser] Reading properties from file: /home/xolanimxoxozi/Desktop/Demo_presentation/Automation-Testing-Demo/android_behave/conf/android-properties.cfg
DEBUG   2018-09-21 15:07:34,960 [config_parser] Properties config file not found: /home/xolanimxoxozi/Desktop/Demo_presentation/Automation-Testing-Demo/android_behave/conf/local-android-properties.cfg
DEBUG   2018-09-21 15:07:34,961 [config_parser] Reading properties from file: /home/xolanimxoxozi/Desktop/Demo_presentation/Automation-Testing-Demo/android_behave/conf/android-properties.cfg
DEBUG   2018-09-21 15:07:34,961 [config_parser] Properties config file not found: /home/xolanimxoxozi/Desktop/Demo_presentation/Automation-Testing-Demo/android_behave/conf/local-android-properties.cfg
INFO    2018-09-21 15:07:34,965 [config_driver] Creating local driver (type = android)
DEBUG   2018-09-21 15:07:34,965 [config_driver] Added Appium server capability: deviceName = Android Emulator
DEBUG   2018-09-21 15:07:34,966 [config_driver] Added Appium server capability: automationName = Appium
DEBUG   2018-09-21 15:07:34,966 [config_driver] Added Appium server capability: browserName = 
DEBUG   2018-09-21 15:07:34,966 [config_driver] Added Appium server capability: appWaitActivity = 
DEBUG   2018-09-21 15:07:34,966 [config_driver] Added Appium server capability: platformName = Android
DEBUG   2018-09-21 15:07:34,966 [config_driver] Added Appium server capability: app = https://github.com/appium/javascript-workshop/blob/master/apps/ApiDemos.apk?raw=true&fake=.apk
DEBUG   2018-09-21 15:07:50,630 [driver_wrapper] Window size: 1440 x 2560
INFO    2018-09-21 15:07:50,704 [environment] Running new scenario: scroll through tabs
INFO    2018-09-21 15:08:05,919 [environment] The scenario 'scroll through tabs' has passed
DEBUG   2018-09-26 15:32:19,846 [config_parser] Reading properties from file: /home/xolanimxoxozi/Desktop/Demo_presentation/Automation-Testing-Demo/android_behave/conf/properties.cfg
DEBUG   2018-09-26 15:32:19,847 [config_parser] Reading properties from file: /home/xolanimxoxozi/Desktop/Demo_presentation/Automation-Testing-Demo/android_behave/conf/android-properties.cfg
DEBUG   2018-09-26 15:32:19,847 [config_parser] Properties config file not found: /home/xolanimxoxozi/Desktop/Demo_presentation/Automation-Testing-Demo/android_behave/conf/local-android-properties.cfg
DEBUG   2018-09-26 15:32:19,847 [config_parser] Reading properties from file: /home/xolanimxoxozi/Desktop/Demo_presentation/Automation-Testing-Demo/android_behave/conf/android-properties.cfg
DEBUG   2018-09-26 15:32:19,847 [config_parser] Properties config file not found: /home/xolanimxoxozi/Desktop/Demo_presentation/Automation-Testing-Demo/android_behave/conf/local-android-properties.cfg
DEBUG   2018-09-26 15:32:19,847 [config_parser] Reading properties from file: /home/xolanimxoxozi/Desktop/Demo_presentation/Automation-Testing-Demo/android_behave/conf/android-properties.cfg
DEBUG   2018-09-26 15:32:19,848 [config_parser] Properties config file not found: /home/xolanimxoxozi/Desktop/Demo_presentation/Automation-Testing-Demo/android_behave/conf/local-android-properties.cfg
INFO    2018-09-26 15:32:19,849 [config_driver] Creating local driver (type = android)
DEBUG   2018-09-26 15:32:19,850 [config_driver] Added Appium server capability: deviceName = Android Emulator
DEBUG   2018-09-26 15:32:19,850 [config_driver] Added Appium server capability: automationName = Appium
DEBUG   2018-09-26 15:32:19,850 [config_driver] Added Appium server capability: browserName = 
DEBUG   2018-09-26 15:32:19,850 [config_driver] Added Appium server capability: appWaitActivity = 
DEBUG   2018-09-26 15:32:19,850 [config_driver] Added Appium server capability: platformName = Android
DEBUG   2018-09-26 15:32:19,850 [config_driver] Added Appium server capability: app = https://github.com/appium/javascript-workshop/blob/master/apps/ApiDemos.apk?raw=true&fake=.apk
INFO    2018-09-26 15:32:19,850 [remote_connection] Could not connect to port 4723 on host 127.0.0.1
INFO    2018-09-26 15:32:19,850 [remote_connection] Could not get IP address for host: 127.0.0.1
ERROR   2018-09-26 15:32:19,851 [config_driver] Android driver can not be launched: <urlopen error [Errno 111] Connection refused>
ERROR   2018-09-26 15:32:19,851 [environment] The scenario 'scroll through tabs' has failed
>>>>>>> dev
DEBUG   2018-09-27 19:52:28,233 [config_parser] Reading properties from file: /home/xolanimxoxozi/Desktop/Demo_presentation/Automation-Testing-Demo/android_behave/conf/properties.cfg
DEBUG   2018-09-27 19:52:28,234 [config_parser] Reading properties from file: /home/xolanimxoxozi/Desktop/Demo_presentation/Automation-Testing-Demo/android_behave/conf/android-properties.cfg
DEBUG   2018-09-27 19:52:28,235 [config_parser] Properties config file not found: /home/xolanimxoxozi/Desktop/Demo_presentation/Automation-Testing-Demo/android_behave/conf/local-android-properties.cfg
DEBUG   2018-09-27 19:52:28,235 [config_parser] Reading properties from file: /home/xolanimxoxozi/Desktop/Demo_presentation/Automation-Testing-Demo/android_behave/conf/android-properties.cfg
DEBUG   2018-09-27 19:52:28,236 [config_parser] Properties config file not found: /home/xolanimxoxozi/Desktop/Demo_presentation/Automation-Testing-Demo/android_behave/conf/local-android-properties.cfg
DEBUG   2018-09-27 19:52:28,236 [config_parser] Reading properties from file: /home/xolanimxoxozi/Desktop/Demo_presentation/Automation-Testing-Demo/android_behave/conf/android-properties.cfg
DEBUG   2018-09-27 19:52:28,237 [config_parser] Properties config file not found: /home/xolanimxoxozi/Desktop/Demo_presentation/Automation-Testing-Demo/android_behave/conf/local-android-properties.cfg
INFO    2018-09-27 19:52:28,240 [config_driver] Creating local driver (type = android)
DEBUG   2018-09-27 19:52:28,241 [config_driver] Added Appium server capability: deviceName = Android Emulator
DEBUG   2018-09-27 19:52:28,241 [config_driver] Added Appium server capability: automationName = Appium
DEBUG   2018-09-27 19:52:28,241 [config_driver] Added Appium server capability: browserName = 
DEBUG   2018-09-27 19:52:28,241 [config_driver] Added Appium server capability: appWaitActivity = 
DEBUG   2018-09-27 19:52:28,241 [config_driver] Added Appium server capability: platformName = Android
DEBUG   2018-09-27 19:52:28,241 [config_driver] Added Appium server capability: app = https://github.com/appium/javascript-workshop/blob/master/apps/ApiDemos.apk?raw=true&fake=.apk
DEBUG   2018-09-27 19:52:38,370 [driver_wrapper] Window size: 1440 x 2560
INFO    2018-09-27 19:52:38,425 [environment] Running new scenario: scroll through tabs
INFO    2018-09-27 19:52:53,569 [environment] The scenario 'scroll through tabs' has passed
DEBUG   2018-09-27 20:04:19,508 [config_parser] Reading properties from file: /home/xolanimxoxozi/Desktop/Demo_presentation/Automation-Testing-Demo/android_behave/conf/properties.cfg
DEBUG   2018-09-27 20:04:19,509 [config_parser] Reading properties from file: /home/xolanimxoxozi/Desktop/Demo_presentation/Automation-Testing-Demo/android_behave/conf/android-properties.cfg
DEBUG   2018-09-27 20:04:19,510 [config_parser] Properties config file not found: /home/xolanimxoxozi/Desktop/Demo_presentation/Automation-Testing-Demo/android_behave/conf/local-android-properties.cfg
DEBUG   2018-09-27 20:04:19,510 [config_parser] Reading properties from file: /home/xolanimxoxozi/Desktop/Demo_presentation/Automation-Testing-Demo/android_behave/conf/android-properties.cfg
DEBUG   2018-09-27 20:04:19,511 [config_parser] Properties config file not found: /home/xolanimxoxozi/Desktop/Demo_presentation/Automation-Testing-Demo/android_behave/conf/local-android-properties.cfg
DEBUG   2018-09-27 20:04:19,511 [config_parser] Reading properties from file: /home/xolanimxoxozi/Desktop/Demo_presentation/Automation-Testing-Demo/android_behave/conf/android-properties.cfg
DEBUG   2018-09-27 20:04:19,511 [config_parser] Properties config file not found: /home/xolanimxoxozi/Desktop/Demo_presentation/Automation-Testing-Demo/android_behave/conf/local-android-properties.cfg
INFO    2018-09-27 20:04:19,515 [config_driver] Creating local driver (type = android)
DEBUG   2018-09-27 20:04:19,516 [config_driver] Added Appium server capability: deviceName = Android Emulator
DEBUG   2018-09-27 20:04:19,516 [config_driver] Added Appium server capability: automationName = Appium
DEBUG   2018-09-27 20:04:19,516 [config_driver] Added Appium server capability: browserName = 
DEBUG   2018-09-27 20:04:19,516 [config_driver] Added Appium server capability: appWaitActivity = 
DEBUG   2018-09-27 20:04:19,516 [config_driver] Added Appium server capability: platformName = Android
DEBUG   2018-09-27 20:04:19,516 [config_driver] Added Appium server capability: app = https://github.com/appium/javascript-workshop/blob/master/apps/ApiDemos.apk?raw=true&fake=.apk
DEBUG   2018-09-27 20:04:29,182 [driver_wrapper] Window size: 1440 x 2560
INFO    2018-09-27 20:04:29,242 [environment] Running new scenario: Drag and drop element
ERROR   2018-09-27 20:04:29,243 [environment] The scenario 'Drag and drop element' has failed
INFO    2018-09-27 20:04:31,067 [utils] Screenshot saved in /home/xolanimxoxozi/Desktop/Demo_presentation/Automation-Testing-Demo/android_behave/output/screenshots/2018-09-27_200335_android/01_Drag_and_drop_element.png
DEBUG   2018-09-27 20:04:31,077 [utils] Reading logs from 'logcat, bugreport, server' and writing them to log files
DEBUG   2018-09-27 20:05:47,126 [config_parser] Reading properties from file: /home/xolanimxoxozi/Desktop/Demo_presentation/Automation-Testing-Demo/android_behave/conf/properties.cfg
DEBUG   2018-09-27 20:05:47,128 [config_parser] Reading properties from file: /home/xolanimxoxozi/Desktop/Demo_presentation/Automation-Testing-Demo/android_behave/conf/android-properties.cfg
DEBUG   2018-09-27 20:05:47,128 [config_parser] Properties config file not found: /home/xolanimxoxozi/Desktop/Demo_presentation/Automation-Testing-Demo/android_behave/conf/local-android-properties.cfg
DEBUG   2018-09-27 20:05:47,129 [config_parser] Reading properties from file: /home/xolanimxoxozi/Desktop/Demo_presentation/Automation-Testing-Demo/android_behave/conf/android-properties.cfg
DEBUG   2018-09-27 20:05:47,130 [config_parser] Properties config file not found: /home/xolanimxoxozi/Desktop/Demo_presentation/Automation-Testing-Demo/android_behave/conf/local-android-properties.cfg
DEBUG   2018-09-27 20:05:47,131 [config_parser] Reading properties from file: /home/xolanimxoxozi/Desktop/Demo_presentation/Automation-Testing-Demo/android_behave/conf/android-properties.cfg
DEBUG   2018-09-27 20:05:47,131 [config_parser] Properties config file not found: /home/xolanimxoxozi/Desktop/Demo_presentation/Automation-Testing-Demo/android_behave/conf/local-android-properties.cfg
INFO    2018-09-27 20:05:47,134 [config_driver] Creating local driver (type = android)
DEBUG   2018-09-27 20:05:47,135 [config_driver] Added Appium server capability: deviceName = Android Emulator
DEBUG   2018-09-27 20:05:47,136 [config_driver] Added Appium server capability: automationName = Appium
DEBUG   2018-09-27 20:05:47,136 [config_driver] Added Appium server capability: browserName = 
DEBUG   2018-09-27 20:05:47,137 [config_driver] Added Appium server capability: appWaitActivity = 
DEBUG   2018-09-27 20:05:47,137 [config_driver] Added Appium server capability: platformName = Android
DEBUG   2018-09-27 20:05:47,137 [config_driver] Added Appium server capability: app = https://github.com/appium/javascript-workshop/blob/master/apps/ApiDemos.apk?raw=true&fake=.apk
DEBUG   2018-09-27 20:05:57,071 [driver_wrapper] Window size: 1440 x 2560
INFO    2018-09-27 20:05:57,142 [environment] Running new scenario: Drag and drop element
INFO    2018-09-27 20:05:58,268 [dragAndDrop] 
===============================Views Button=========================================
DEBUG   2018-09-27 20:05:58,268 [dragAndDrop] 
-----------------------------------------------------------------------------------
DEBUG   2018-09-27 20:05:58,268 [dragAndDrop] Atempting to click the Views button 
DEBUG   2018-09-27 20:05:58,269 [dragAndDrop] Checking if the button is present : viewsButton
DEBUG   2018-09-27 20:05:58,269 [dragAndDrop] Clicking Views : viewsButton
DEBUG   2018-09-27 20:05:58,269 [dragAndDrop] 
-----------------------------------------------------------------------------------
DEBUG   2018-09-27 20:05:58,269 [dragAndDrop] Scrolling Views into view.
INFO    2018-09-27 20:06:06,722 [dragAndDrop] 
===============================Drag and Drop Button=================================
DEBUG   2018-09-27 20:06:06,722 [dragAndDrop] 
-----------------------------------------------------------------------------------
DEBUG   2018-09-27 20:06:06,722 [dragAndDrop] Atempting to click the Drag and Drop button 
DEBUG   2018-09-27 20:06:06,723 [dragAndDrop] Checking if the button is present : Drag and Drop
DEBUG   2018-09-27 20:06:06,723 [dragAndDrop] Clicking Drag and Drop : Drag and Drop
DEBUG   2018-09-27 20:06:06,723 [dragAndDrop] 
-----------------------------------------------------------------------------------
INFO    2018-09-27 20:06:18,260 [dragAndDrop] 
===============================Drag and Drop Button=================================
DEBUG   2018-09-27 20:06:18,261 [dragAndDrop] 
-----------------------------------------------------------------------------------
DEBUG   2018-09-27 20:06:18,261 [dragAndDrop] Atempting to Drag and Drop bubble 
DEBUG   2018-09-27 20:06:18,261 [dragAndDrop] Checking if the bubble is present : Drag and Drop
DEBUG   2018-09-27 20:06:18,262 [dragAndDrop] Drag and Drop : Dragging bubble
DEBUG   2018-09-27 20:06:18,262 [dragAndDrop] 
-----------------------------------------------------------------------------------
INFO    2018-09-27 20:06:24,698 [environment] The scenario 'Drag and drop element' has passed
<<<<<<< HEAD
=======
DEBUG   2018-09-28 09:02:07,097 [config_parser] Reading properties from file: /home/xolanimxoxozi/Desktop/Demo_presentation/Automation-Testing-Demo/android_behave/conf/properties.cfg
DEBUG   2018-09-28 09:02:07,099 [config_parser] Reading properties from file: /home/xolanimxoxozi/Desktop/Demo_presentation/Automation-Testing-Demo/android_behave/conf/android-properties.cfg
DEBUG   2018-09-28 09:02:07,100 [config_parser] Properties config file not found: /home/xolanimxoxozi/Desktop/Demo_presentation/Automation-Testing-Demo/android_behave/conf/local-android-properties.cfg
DEBUG   2018-09-28 09:02:07,101 [config_parser] Reading properties from file: /home/xolanimxoxozi/Desktop/Demo_presentation/Automation-Testing-Demo/android_behave/conf/android-properties.cfg
DEBUG   2018-09-28 09:02:07,104 [config_parser] Properties config file not found: /home/xolanimxoxozi/Desktop/Demo_presentation/Automation-Testing-Demo/android_behave/conf/local-android-properties.cfg
DEBUG   2018-09-28 09:02:07,105 [config_parser] Reading properties from file: /home/xolanimxoxozi/Desktop/Demo_presentation/Automation-Testing-Demo/android_behave/conf/android-properties.cfg
DEBUG   2018-09-28 09:02:07,110 [config_parser] Properties config file not found: /home/xolanimxoxozi/Desktop/Demo_presentation/Automation-Testing-Demo/android_behave/conf/local-android-properties.cfg
INFO    2018-09-28 09:02:07,115 [config_driver] Creating local driver (type = android)
DEBUG   2018-09-28 09:02:07,116 [config_driver] Added Appium server capability: deviceName = Android Emulator
DEBUG   2018-09-28 09:02:07,116 [config_driver] Added Appium server capability: automationName = Appium
DEBUG   2018-09-28 09:02:07,117 [config_driver] Added Appium server capability: browserName = 
DEBUG   2018-09-28 09:02:07,117 [config_driver] Added Appium server capability: appWaitActivity = 
DEBUG   2018-09-28 09:02:07,119 [config_driver] Added Appium server capability: platformName = Android
DEBUG   2018-09-28 09:02:07,119 [config_driver] Added Appium server capability: app = https://github.com/appium/javascript-workshop/blob/master/apps/ApiDemos.apk?raw=true&fake=.apk
DEBUG   2018-09-28 09:02:21,744 [driver_wrapper] Window size: 1440 x 2560
INFO    2018-09-28 09:02:21,843 [environment] Running new scenario: Drag and drop element
INFO    2018-09-28 09:02:22,955 [dragAndDrop] 
===============================Views Button=========================================
DEBUG   2018-09-28 09:02:22,955 [dragAndDrop] 
-----------------------------------------------------------------------------------
DEBUG   2018-09-28 09:02:22,955 [dragAndDrop] Atempting to click the Views button 
DEBUG   2018-09-28 09:02:22,955 [dragAndDrop] Checking if the button is present : viewsButton
DEBUG   2018-09-28 09:02:22,956 [dragAndDrop] Clicking Views : viewsButton
DEBUG   2018-09-28 09:02:22,956 [dragAndDrop] 
-----------------------------------------------------------------------------------
DEBUG   2018-09-28 09:02:22,956 [dragAndDrop] Scrolling Views into view.
INFO    2018-09-28 09:02:31,508 [dragAndDrop] 
===============================Drag and Drop Button=================================
DEBUG   2018-09-28 09:02:31,508 [dragAndDrop] 
-----------------------------------------------------------------------------------
DEBUG   2018-09-28 09:02:31,508 [dragAndDrop] Atempting to click the Drag and Drop button 
DEBUG   2018-09-28 09:02:31,509 [dragAndDrop] Checking if the button is present : Drag and Drop
DEBUG   2018-09-28 09:02:31,509 [dragAndDrop] Clicking Drag and Drop : Drag and Drop
DEBUG   2018-09-28 09:02:31,509 [dragAndDrop] 
-----------------------------------------------------------------------------------
INFO    2018-09-28 09:02:43,426 [dragAndDrop] 
===============================Drag and Drop Button=================================
DEBUG   2018-09-28 09:02:43,427 [dragAndDrop] 
-----------------------------------------------------------------------------------
DEBUG   2018-09-28 09:02:43,427 [dragAndDrop] Atempting to Drag and Drop bubble 
DEBUG   2018-09-28 09:02:43,427 [dragAndDrop] Checking if the bubble is present : Drag and Drop
DEBUG   2018-09-28 09:02:43,427 [dragAndDrop] Drag and Drop : Dragging bubble
DEBUG   2018-09-28 09:02:43,427 [dragAndDrop] 
-----------------------------------------------------------------------------------
INFO    2018-09-28 09:02:49,903 [environment] The scenario 'Drag and drop element' has passed
>>>>>>> master
