DEBUG   2018-09-18 17:03:41,012 [config_parser] Reading properties from file: /home/kineticskunk/Desktop/AutomationDemo/Automation-Testing-Demo/android_behave/conf/properties.cfg
DEBUG   2018-09-18 17:03:41,013 [config_parser] Reading properties from file: /home/kineticskunk/Desktop/AutomationDemo/Automation-Testing-Demo/android_behave/conf/android-properties.cfg
DEBUG   2018-09-18 17:03:41,013 [config_parser] Properties config file not found: /home/kineticskunk/Desktop/AutomationDemo/Automation-Testing-Demo/android_behave/conf/local-android-properties.cfg
INFO    2018-09-18 17:03:41,018 [config_driver] Creating local driver (type = android)
DEBUG   2018-09-18 17:03:41,018 [config_driver] Added Appium server capability: deviceName = Android Emulator
DEBUG   2018-09-18 17:03:41,018 [config_driver] Added Appium server capability: automationName = Appium
DEBUG   2018-09-18 17:03:41,018 [config_driver] Added Appium server capability: browserName = 
DEBUG   2018-09-18 17:03:41,018 [config_driver] Added Appium server capability: appWaitActivity = 
DEBUG   2018-09-18 17:03:41,019 [config_driver] Added Appium server capability: platformName = Android
DEBUG   2018-09-18 17:03:41,019 [config_driver] Added Appium server capability: app = https://github.com/appium/javascript-workshop/blob/master/apps/ApiDemos.apk?raw=true&fake=.apk
DEBUG   2018-09-18 17:03:57,856 [driver_wrapper] Window size: 1080 x 1920
INFO    2018-09-18 17:03:57,963 [environment] Running new scenario: Run animation
INFO    2018-09-18 17:04:41,471 [environment] The scenario 'Run animation' has passed
DEBUG   2018-09-18 17:04:42,594 [config_parser] Reading properties from file: /home/kineticskunk/Desktop/AutomationDemo/Automation-Testing-Demo/android_behave/conf/properties.cfg
DEBUG   2018-09-18 17:04:42,594 [config_parser] Reading properties from file: /home/kineticskunk/Desktop/AutomationDemo/Automation-Testing-Demo/android_behave/conf/android-properties.cfg
DEBUG   2018-09-18 17:04:42,594 [config_parser] Properties config file not found: /home/kineticskunk/Desktop/AutomationDemo/Automation-Testing-Demo/android_behave/conf/local-android-properties.cfg
INFO    2018-09-18 17:04:42,597 [config_driver] Creating local driver (type = android)
DEBUG   2018-09-18 17:04:42,597 [config_driver] Added Appium server capability: deviceName = Android Emulator
DEBUG   2018-09-18 17:04:42,597 [config_driver] Added Appium server capability: automationName = Appium
DEBUG   2018-09-18 17:04:42,597 [config_driver] Added Appium server capability: browserName = 
DEBUG   2018-09-18 17:04:42,598 [config_driver] Added Appium server capability: appWaitActivity = 
DEBUG   2018-09-18 17:04:42,598 [config_driver] Added Appium server capability: platformName = Android
DEBUG   2018-09-18 17:04:42,598 [config_driver] Added Appium server capability: app = https://github.com/appium/javascript-workshop/blob/master/apps/ApiDemos.apk?raw=true&fake=.apk
DEBUG   2018-09-18 17:04:56,677 [driver_wrapper] Window size: 1080 x 1920
INFO    2018-09-18 17:04:56,833 [environment] Running new scenario: Run animation
ERROR   2018-09-18 17:05:09,855 [environment] The scenario 'Run animation' has failed
DEBUG   2018-09-19 08:35:58,388 [config_parser] Reading properties from file: /home/kineticskunk/Desktop/AutomationDemo/Automation-Testing-Demo/android_behave/conf/properties.cfg
DEBUG   2018-09-19 08:35:58,389 [config_parser] Reading properties from file: /home/kineticskunk/Desktop/AutomationDemo/Automation-Testing-Demo/android_behave/conf/android-properties.cfg
DEBUG   2018-09-19 08:35:58,389 [config_parser] Properties config file not found: /home/kineticskunk/Desktop/AutomationDemo/Automation-Testing-Demo/android_behave/conf/local-android-properties.cfg
INFO    2018-09-19 08:35:58,395 [config_driver] Creating local driver (type = android)
DEBUG   2018-09-19 08:35:58,395 [config_driver] Added Appium server capability: deviceName = Android Emulator
DEBUG   2018-09-19 08:35:58,395 [config_driver] Added Appium server capability: automationName = Appium
DEBUG   2018-09-19 08:35:58,395 [config_driver] Added Appium server capability: browserName = 
DEBUG   2018-09-19 08:35:58,395 [config_driver] Added Appium server capability: appWaitActivity = 
DEBUG   2018-09-19 08:35:58,395 [config_driver] Added Appium server capability: platformName = Android
DEBUG   2018-09-19 08:35:58,396 [config_driver] Added Appium server capability: app = https://github.com/appium/javascript-workshop/blob/master/apps/ApiDemos.apk?raw=true&fake=.apk
DEBUG   2018-09-19 08:36:22,298 [driver_wrapper] Window size: 1080 x 1920
INFO    2018-09-19 08:36:22,466 [environment] Running new scenario: Run animation
INFO    2018-09-19 08:37:05,815 [environment] The scenario 'Run animation' has passed
DEBUG   2018-09-19 08:37:06,936 [config_parser] Reading properties from file: /home/kineticskunk/Desktop/AutomationDemo/Automation-Testing-Demo/android_behave/conf/properties.cfg
DEBUG   2018-09-19 08:37:06,937 [config_parser] Reading properties from file: /home/kineticskunk/Desktop/AutomationDemo/Automation-Testing-Demo/android_behave/conf/android-properties.cfg
DEBUG   2018-09-19 08:37:06,937 [config_parser] Properties config file not found: /home/kineticskunk/Desktop/AutomationDemo/Automation-Testing-Demo/android_behave/conf/local-android-properties.cfg
INFO    2018-09-19 08:37:06,943 [config_driver] Creating local driver (type = android)
DEBUG   2018-09-19 08:37:06,944 [config_driver] Added Appium server capability: deviceName = Android Emulator
DEBUG   2018-09-19 08:37:06,944 [config_driver] Added Appium server capability: automationName = Appium
DEBUG   2018-09-19 08:37:06,945 [config_driver] Added Appium server capability: browserName = 
DEBUG   2018-09-19 08:37:06,945 [config_driver] Added Appium server capability: appWaitActivity = 
DEBUG   2018-09-19 08:37:06,945 [config_driver] Added Appium server capability: platformName = Android
DEBUG   2018-09-19 08:37:06,945 [config_driver] Added Appium server capability: app = https://github.com/appium/javascript-workshop/blob/master/apps/ApiDemos.apk?raw=true&fake=.apk
DEBUG   2018-09-19 08:37:23,239 [driver_wrapper] Window size: 1080 x 1920
INFO    2018-09-19 08:37:23,405 [environment] Running new scenario: Run animation
INFO    2018-09-19 08:37:38,610 [environment] The scenario 'Run animation' has passed
DEBUG   2018-09-19 08:37:39,703 [config_parser] Reading properties from file: /home/kineticskunk/Desktop/AutomationDemo/Automation-Testing-Demo/android_behave/conf/properties.cfg
DEBUG   2018-09-19 08:37:39,704 [config_parser] Reading properties from file: /home/kineticskunk/Desktop/AutomationDemo/Automation-Testing-Demo/android_behave/conf/android-properties.cfg
DEBUG   2018-09-19 08:37:39,704 [config_parser] Properties config file not found: /home/kineticskunk/Desktop/AutomationDemo/Automation-Testing-Demo/android_behave/conf/local-android-properties.cfg
INFO    2018-09-19 08:37:39,709 [config_driver] Creating local driver (type = android)
DEBUG   2018-09-19 08:37:39,711 [config_driver] Added Appium server capability: deviceName = Android Emulator
DEBUG   2018-09-19 08:37:39,712 [config_driver] Added Appium server capability: automationName = Appium
DEBUG   2018-09-19 08:37:39,712 [config_driver] Added Appium server capability: browserName = 
DEBUG   2018-09-19 08:37:39,712 [config_driver] Added Appium server capability: appWaitActivity = 
DEBUG   2018-09-19 08:37:39,713 [config_driver] Added Appium server capability: platformName = Android
DEBUG   2018-09-19 08:37:39,713 [config_driver] Added Appium server capability: app = https://github.com/appium/javascript-workshop/blob/master/apps/ApiDemos.apk?raw=true&fake=.apk
DEBUG   2018-09-19 08:37:58,993 [driver_wrapper] Window size: 1080 x 1920
INFO    2018-09-19 08:37:59,197 [environment] Running new scenario: Run views animation
INFO    2018-09-19 08:38:13,601 [environment] The scenario 'Run views animation' has passed
DEBUG   2018-09-19 09:04:29,680 [config_parser] Reading properties from file: /home/kineticskunk/Desktop/Automation-Testing-Demo/android_behave/conf/properties.cfg
DEBUG   2018-09-19 09:04:29,681 [config_parser] Reading properties from file: /home/kineticskunk/Desktop/Automation-Testing-Demo/android_behave/conf/android-properties.cfg
DEBUG   2018-09-19 09:04:29,681 [config_parser] Properties config file not found: /home/kineticskunk/Desktop/Automation-Testing-Demo/android_behave/conf/local-android-properties.cfg
INFO    2018-09-19 09:04:29,686 [config_driver] Creating local driver (type = android)
DEBUG   2018-09-19 09:04:29,686 [config_driver] Added Appium server capability: deviceName = Android Emulator
DEBUG   2018-09-19 09:04:29,686 [config_driver] Added Appium server capability: automationName = Appium
DEBUG   2018-09-19 09:04:29,687 [config_driver] Added Appium server capability: browserName = 
DEBUG   2018-09-19 09:04:29,687 [config_driver] Added Appium server capability: appWaitActivity = 
DEBUG   2018-09-19 09:04:29,687 [config_driver] Added Appium server capability: platformName = Android
DEBUG   2018-09-19 09:04:29,687 [config_driver] Added Appium server capability: app = https://github.com/appium/javascript-workshop/blob/master/apps/ApiDemos.apk?raw=true&fake=.apk
DEBUG   2018-09-19 09:04:46,214 [driver_wrapper] Window size: 1080 x 1920
INFO    2018-09-19 09:04:46,353 [environment] Running new scenario: Run animation
INFO    2018-09-19 09:05:29,700 [environment] The scenario 'Run animation' has passed
DEBUG   2018-09-19 09:05:30,842 [config_parser] Reading properties from file: /home/kineticskunk/Desktop/Automation-Testing-Demo/android_behave/conf/properties.cfg
DEBUG   2018-09-19 09:05:30,842 [config_parser] Reading properties from file: /home/kineticskunk/Desktop/Automation-Testing-Demo/android_behave/conf/android-properties.cfg
DEBUG   2018-09-19 09:05:30,842 [config_parser] Properties config file not found: /home/kineticskunk/Desktop/Automation-Testing-Demo/android_behave/conf/local-android-properties.cfg
INFO    2018-09-19 09:05:30,846 [config_driver] Creating local driver (type = android)
DEBUG   2018-09-19 09:05:30,847 [config_driver] Added Appium server capability: deviceName = Android Emulator
DEBUG   2018-09-19 09:05:30,849 [config_driver] Added Appium server capability: automationName = Appium
DEBUG   2018-09-19 09:05:30,850 [config_driver] Added Appium server capability: browserName = 
DEBUG   2018-09-19 09:05:30,851 [config_driver] Added Appium server capability: appWaitActivity = 
DEBUG   2018-09-19 09:05:30,851 [config_driver] Added Appium server capability: platformName = Android
DEBUG   2018-09-19 09:05:30,851 [config_driver] Added Appium server capability: app = https://github.com/appium/javascript-workshop/blob/master/apps/ApiDemos.apk?raw=true&fake=.apk
DEBUG   2018-09-19 09:05:47,337 [driver_wrapper] Window size: 1080 x 1920
INFO    2018-09-19 09:05:47,468 [environment] Running new scenario: Run animation
INFO    2018-09-19 09:06:02,367 [environment] The scenario 'Run animation' has passed
DEBUG   2018-09-19 09:06:03,565 [config_parser] Reading properties from file: /home/kineticskunk/Desktop/Automation-Testing-Demo/android_behave/conf/properties.cfg
DEBUG   2018-09-19 09:06:03,565 [config_parser] Reading properties from file: /home/kineticskunk/Desktop/Automation-Testing-Demo/android_behave/conf/android-properties.cfg
DEBUG   2018-09-19 09:06:03,566 [config_parser] Properties config file not found: /home/kineticskunk/Desktop/Automation-Testing-Demo/android_behave/conf/local-android-properties.cfg
INFO    2018-09-19 09:06:03,569 [config_driver] Creating local driver (type = android)
DEBUG   2018-09-19 09:06:03,570 [config_driver] Added Appium server capability: deviceName = Android Emulator
DEBUG   2018-09-19 09:06:03,570 [config_driver] Added Appium server capability: automationName = Appium
DEBUG   2018-09-19 09:06:03,571 [config_driver] Added Appium server capability: browserName = 
DEBUG   2018-09-19 09:06:03,571 [config_driver] Added Appium server capability: appWaitActivity = 
DEBUG   2018-09-19 09:06:03,571 [config_driver] Added Appium server capability: platformName = Android
DEBUG   2018-09-19 09:06:03,571 [config_driver] Added Appium server capability: app = https://github.com/appium/javascript-workshop/blob/master/apps/ApiDemos.apk?raw=true&fake=.apk
DEBUG   2018-09-19 09:06:19,182 [driver_wrapper] Window size: 1080 x 1920
INFO    2018-09-19 09:06:19,352 [environment] Running new scenario: Run views animation
INFO    2018-09-19 09:06:33,628 [environment] The scenario 'Run views animation' has passed
