DEBUG   2018-09-27 20:07:48,746 [config_parser] Reading properties from file: /home/xolanimxoxozi/Desktop/Demo_presentation/Automation-Testing-Demo/android_behave/conf/properties.cfg
DEBUG   2018-09-27 20:07:48,748 [config_parser] Reading properties from file: /home/xolanimxoxozi/Desktop/Demo_presentation/Automation-Testing-Demo/android_behave/conf/android-properties.cfg
DEBUG   2018-09-27 20:07:48,748 [config_parser] Properties config file not found: /home/xolanimxoxozi/Desktop/Demo_presentation/Automation-Testing-Demo/android_behave/conf/local-android-properties.cfg
DEBUG   2018-09-27 20:07:48,749 [config_parser] Reading properties from file: /home/xolanimxoxozi/Desktop/Demo_presentation/Automation-Testing-Demo/android_behave/conf/android-properties.cfg
DEBUG   2018-09-27 20:07:48,750 [config_parser] Properties config file not found: /home/xolanimxoxozi/Desktop/Demo_presentation/Automation-Testing-Demo/android_behave/conf/local-android-properties.cfg
DEBUG   2018-09-27 20:07:48,750 [config_parser] Reading properties from file: /home/xolanimxoxozi/Desktop/Demo_presentation/Automation-Testing-Demo/android_behave/conf/android-properties.cfg
DEBUG   2018-09-27 20:07:48,751 [config_parser] Properties config file not found: /home/xolanimxoxozi/Desktop/Demo_presentation/Automation-Testing-Demo/android_behave/conf/local-android-properties.cfg
DEBUG   2018-09-27 20:07:48,752 [config_parser] Reading properties from file: /home/xolanimxoxozi/Desktop/Demo_presentation/Automation-Testing-Demo/android_behave/conf/android-properties.cfg
DEBUG   2018-09-27 20:07:48,752 [config_parser] Properties config file not found: /home/xolanimxoxozi/Desktop/Demo_presentation/Automation-Testing-Demo/android_behave/conf/local-android-properties.cfg
DEBUG   2018-09-27 20:07:48,753 [config_parser] Reading properties from file: /home/xolanimxoxozi/Desktop/Demo_presentation/Automation-Testing-Demo/android_behave/conf/android-properties.cfg
DEBUG   2018-09-27 20:07:48,754 [config_parser] Properties config file not found: /home/xolanimxoxozi/Desktop/Demo_presentation/Automation-Testing-Demo/android_behave/conf/local-android-properties.cfg
DEBUG   2018-09-27 20:07:48,754 [config_parser] Reading properties from file: /home/xolanimxoxozi/Desktop/Demo_presentation/Automation-Testing-Demo/android_behave/conf/android-properties.cfg
DEBUG   2018-09-27 20:07:48,755 [config_parser] Properties config file not found: /home/xolanimxoxozi/Desktop/Demo_presentation/Automation-Testing-Demo/android_behave/conf/local-android-properties.cfg
INFO    2018-09-27 20:07:48,760 [config_driver] Creating local driver (type = android)
DEBUG   2018-09-27 20:07:48,761 [config_driver] Added Appium server capability: deviceName = Android Emulator
DEBUG   2018-09-27 20:07:48,761 [config_driver] Added Appium server capability: automationName = Appium
DEBUG   2018-09-27 20:07:48,761 [config_driver] Added Appium server capability: browserName = 
DEBUG   2018-09-27 20:07:48,762 [config_driver] Added Appium server capability: appWaitActivity = 
DEBUG   2018-09-27 20:07:48,762 [config_driver] Added Appium server capability: platformName = Android
DEBUG   2018-09-27 20:07:48,762 [config_driver] Added Appium server capability: app = https://github.com/appium/javascript-workshop/blob/master/apps/ApiDemos.apk?raw=true&fake=.apk
DEBUG   2018-09-27 20:07:58,991 [driver_wrapper] Window size: 1440 x 2560
INFO    2018-09-27 20:07:59,043 [environment] Running new scenario: Run animation
INFO    2018-09-27 20:08:13,325 [environment] The scenario 'Run animation' has passed
