DEBUG   2018-09-21 11:25:00,457 [config_parser] Reading properties from file: /home/xolanimxoxozi/Desktop/Demo_presentation/Automation-Testing-Demo/android_behave/conf/properties.cfg
DEBUG   2018-09-21 11:25:00,458 [config_parser] Reading properties from file: /home/xolanimxoxozi/Desktop/Demo_presentation/Automation-Testing-Demo/android_behave/conf/android-properties.cfg
DEBUG   2018-09-21 11:25:00,458 [config_parser] Properties config file not found: /home/xolanimxoxozi/Desktop/Demo_presentation/Automation-Testing-Demo/android_behave/conf/local-android-properties.cfg
DEBUG   2018-09-21 11:25:00,458 [config_parser] Reading properties from file: /home/xolanimxoxozi/Desktop/Demo_presentation/Automation-Testing-Demo/android_behave/conf/android-properties.cfg
DEBUG   2018-09-21 11:25:00,458 [config_parser] Properties config file not found: /home/xolanimxoxozi/Desktop/Demo_presentation/Automation-Testing-Demo/android_behave/conf/local-android-properties.cfg
DEBUG   2018-09-21 11:25:00,459 [config_parser] Reading properties from file: /home/xolanimxoxozi/Desktop/Demo_presentation/Automation-Testing-Demo/android_behave/conf/android-properties.cfg
DEBUG   2018-09-21 11:25:00,459 [config_parser] Properties config file not found: /home/xolanimxoxozi/Desktop/Demo_presentation/Automation-Testing-Demo/android_behave/conf/local-android-properties.cfg
DEBUG   2018-09-21 11:25:00,459 [config_parser] Reading properties from file: /home/xolanimxoxozi/Desktop/Demo_presentation/Automation-Testing-Demo/android_behave/conf/android-properties.cfg
DEBUG   2018-09-21 11:25:00,460 [config_parser] Properties config file not found: /home/xolanimxoxozi/Desktop/Demo_presentation/Automation-Testing-Demo/android_behave/conf/local-android-properties.cfg
DEBUG   2018-09-21 11:25:00,460 [config_parser] Reading properties from file: /home/xolanimxoxozi/Desktop/Demo_presentation/Automation-Testing-Demo/android_behave/conf/android-properties.cfg
DEBUG   2018-09-21 11:25:00,460 [config_parser] Properties config file not found: /home/xolanimxoxozi/Desktop/Demo_presentation/Automation-Testing-Demo/android_behave/conf/local-android-properties.cfg
INFO    2018-09-21 11:25:00,465 [config_driver] Creating local driver (type = android)
DEBUG   2018-09-21 11:25:00,465 [config_driver] Added Appium server capability: deviceName = Android Emulator
DEBUG   2018-09-21 11:25:00,466 [config_driver] Added Appium server capability: automationName = Appium
DEBUG   2018-09-21 11:25:00,466 [config_driver] Added Appium server capability: browserName = 
DEBUG   2018-09-21 11:25:00,466 [config_driver] Added Appium server capability: appWaitActivity = 
DEBUG   2018-09-21 11:25:00,466 [config_driver] Added Appium server capability: platformName = Android
DEBUG   2018-09-21 11:25:00,467 [config_driver] Added Appium server capability: app = https://github.com/appium/javascript-workshop/blob/master/apps/ApiDemos.apk?raw=true&fake=.apk
DEBUG   2018-09-21 11:25:14,174 [driver_wrapper] Window size: 768 x 1184
INFO    2018-09-21 11:25:14,252 [environment] Running new scenario: Run views animation
ERROR   2018-09-21 11:25:19,737 [environment] The scenario 'Run views animation' has failed
INFO    2018-09-21 11:25:20,409 [utils] Screenshot saved in /home/xolanimxoxozi/Desktop/Demo_presentation/Automation-Testing-Demo/android_behave/output/screenshots/2018-09-21_112238_android/02_Run_views_animation.png
DEBUG   2018-09-21 11:25:20,415 [utils] Reading logs from 'logcat, bugreport, server' and writing them to log files
DEBUG   2018-09-21 11:30:50,505 [config_parser] Reading properties from file: /home/xolanimxoxozi/Desktop/Demo_presentation/Automation-Testing-Demo/android_behave/conf/properties.cfg
DEBUG   2018-09-21 11:30:50,507 [config_parser] Reading properties from file: /home/xolanimxoxozi/Desktop/Demo_presentation/Automation-Testing-Demo/android_behave/conf/android-properties.cfg
DEBUG   2018-09-21 11:30:50,508 [config_parser] Properties config file not found: /home/xolanimxoxozi/Desktop/Demo_presentation/Automation-Testing-Demo/android_behave/conf/local-android-properties.cfg
DEBUG   2018-09-21 11:30:50,509 [config_parser] Reading properties from file: /home/xolanimxoxozi/Desktop/Demo_presentation/Automation-Testing-Demo/android_behave/conf/android-properties.cfg
DEBUG   2018-09-21 11:30:50,509 [config_parser] Properties config file not found: /home/xolanimxoxozi/Desktop/Demo_presentation/Automation-Testing-Demo/android_behave/conf/local-android-properties.cfg
DEBUG   2018-09-21 11:30:50,510 [config_parser] Reading properties from file: /home/xolanimxoxozi/Desktop/Demo_presentation/Automation-Testing-Demo/android_behave/conf/android-properties.cfg
DEBUG   2018-09-21 11:30:50,510 [config_parser] Properties config file not found: /home/xolanimxoxozi/Desktop/Demo_presentation/Automation-Testing-Demo/android_behave/conf/local-android-properties.cfg
DEBUG   2018-09-21 11:30:50,511 [config_parser] Reading properties from file: /home/xolanimxoxozi/Desktop/Demo_presentation/Automation-Testing-Demo/android_behave/conf/android-properties.cfg
DEBUG   2018-09-21 11:30:50,513 [config_parser] Properties config file not found: /home/xolanimxoxozi/Desktop/Demo_presentation/Automation-Testing-Demo/android_behave/conf/local-android-properties.cfg
DEBUG   2018-09-21 11:30:50,514 [config_parser] Reading properties from file: /home/xolanimxoxozi/Desktop/Demo_presentation/Automation-Testing-Demo/android_behave/conf/android-properties.cfg
DEBUG   2018-09-21 11:30:50,515 [config_parser] Properties config file not found: /home/xolanimxoxozi/Desktop/Demo_presentation/Automation-Testing-Demo/android_behave/conf/local-android-properties.cfg
INFO    2018-09-21 11:30:50,519 [config_driver] Creating local driver (type = android)
DEBUG   2018-09-21 11:30:50,519 [config_driver] Added Appium server capability: deviceName = Android Emulator
DEBUG   2018-09-21 11:30:50,519 [config_driver] Added Appium server capability: automationName = Appium
DEBUG   2018-09-21 11:30:50,520 [config_driver] Added Appium server capability: browserName = 
DEBUG   2018-09-21 11:30:50,520 [config_driver] Added Appium server capability: appWaitActivity = 
DEBUG   2018-09-21 11:30:50,520 [config_driver] Added Appium server capability: platformName = Android
DEBUG   2018-09-21 11:30:50,520 [config_driver] Added Appium server capability: app = https://github.com/appium/javascript-workshop/blob/master/apps/ApiDemos.apk?raw=true&fake=.apk
DEBUG   2018-09-21 11:31:05,016 [driver_wrapper] Window size: 1440 x 2560
INFO    2018-09-21 11:31:05,123 [environment] Running new scenario: Run views animation
INFO    2018-09-21 11:31:19,585 [environment] The scenario 'Run views animation' has passed
DEBUG   2018-09-21 12:15:46,858 [config_parser] Reading properties from file: /home/xolanimxoxozi/Desktop/Demo_presentation/Automation-Testing-Demo/android_behave/conf/properties.cfg
DEBUG   2018-09-21 12:15:46,859 [config_parser] Reading properties from file: /home/xolanimxoxozi/Desktop/Demo_presentation/Automation-Testing-Demo/android_behave/conf/android-properties.cfg
DEBUG   2018-09-21 12:15:46,859 [config_parser] Properties config file not found: /home/xolanimxoxozi/Desktop/Demo_presentation/Automation-Testing-Demo/android_behave/conf/local-android-properties.cfg
DEBUG   2018-09-21 12:15:46,860 [config_parser] Reading properties from file: /home/xolanimxoxozi/Desktop/Demo_presentation/Automation-Testing-Demo/android_behave/conf/android-properties.cfg
DEBUG   2018-09-21 12:15:46,861 [config_parser] Properties config file not found: /home/xolanimxoxozi/Desktop/Demo_presentation/Automation-Testing-Demo/android_behave/conf/local-android-properties.cfg
DEBUG   2018-09-21 12:15:46,862 [config_parser] Reading properties from file: /home/xolanimxoxozi/Desktop/Demo_presentation/Automation-Testing-Demo/android_behave/conf/android-properties.cfg
DEBUG   2018-09-21 12:15:46,862 [config_parser] Properties config file not found: /home/xolanimxoxozi/Desktop/Demo_presentation/Automation-Testing-Demo/android_behave/conf/local-android-properties.cfg
DEBUG   2018-09-21 12:15:46,863 [config_parser] Reading properties from file: /home/xolanimxoxozi/Desktop/Demo_presentation/Automation-Testing-Demo/android_behave/conf/android-properties.cfg
DEBUG   2018-09-21 12:15:46,863 [config_parser] Properties config file not found: /home/xolanimxoxozi/Desktop/Demo_presentation/Automation-Testing-Demo/android_behave/conf/local-android-properties.cfg
DEBUG   2018-09-21 12:15:46,864 [config_parser] Reading properties from file: /home/xolanimxoxozi/Desktop/Demo_presentation/Automation-Testing-Demo/android_behave/conf/android-properties.cfg
DEBUG   2018-09-21 12:15:46,864 [config_parser] Properties config file not found: /home/xolanimxoxozi/Desktop/Demo_presentation/Automation-Testing-Demo/android_behave/conf/local-android-properties.cfg
INFO    2018-09-21 12:15:46,869 [config_driver] Creating local driver (type = android)
DEBUG   2018-09-21 12:15:46,870 [config_driver] Added Appium server capability: deviceName = Android Emulator
DEBUG   2018-09-21 12:15:46,870 [config_driver] Added Appium server capability: automationName = Appium
DEBUG   2018-09-21 12:15:46,870 [config_driver] Added Appium server capability: browserName = 
DEBUG   2018-09-21 12:15:46,870 [config_driver] Added Appium server capability: appWaitActivity = 
DEBUG   2018-09-21 12:15:46,870 [config_driver] Added Appium server capability: platformName = Android
DEBUG   2018-09-21 12:15:46,870 [config_driver] Added Appium server capability: app = https://github.com/appium/javascript-workshop/blob/master/apps/ApiDemos.apk?raw=true&fake=.apk
DEBUG   2018-09-21 12:16:08,545 [driver_wrapper] Window size: 1440 x 2560
INFO    2018-09-21 12:16:08,588 [environment] Running new scenario: Run views animation
INFO    2018-09-21 12:16:23,026 [environment] The scenario 'Run views animation' has passed
