<<<<<<< HEAD
=======
DEBUG   2018-09-21 11:24:31,894 [config_parser] Reading properties from file: /home/xolanimxoxozi/Desktop/Demo_presentation/Automation-Testing-Demo/android_behave/conf/properties.cfg
DEBUG   2018-09-21 11:24:31,894 [config_parser] Reading properties from file: /home/xolanimxoxozi/Desktop/Demo_presentation/Automation-Testing-Demo/android_behave/conf/android-properties.cfg
DEBUG   2018-09-21 11:24:31,894 [config_parser] Properties config file not found: /home/xolanimxoxozi/Desktop/Demo_presentation/Automation-Testing-Demo/android_behave/conf/local-android-properties.cfg
DEBUG   2018-09-21 11:24:31,895 [config_parser] Reading properties from file: /home/xolanimxoxozi/Desktop/Demo_presentation/Automation-Testing-Demo/android_behave/conf/android-properties.cfg
DEBUG   2018-09-21 11:24:31,895 [config_parser] Properties config file not found: /home/xolanimxoxozi/Desktop/Demo_presentation/Automation-Testing-Demo/android_behave/conf/local-android-properties.cfg
DEBUG   2018-09-21 11:24:31,896 [config_parser] Reading properties from file: /home/xolanimxoxozi/Desktop/Demo_presentation/Automation-Testing-Demo/android_behave/conf/android-properties.cfg
DEBUG   2018-09-21 11:24:31,896 [config_parser] Properties config file not found: /home/xolanimxoxozi/Desktop/Demo_presentation/Automation-Testing-Demo/android_behave/conf/local-android-properties.cfg
DEBUG   2018-09-21 11:24:31,896 [config_parser] Reading properties from file: /home/xolanimxoxozi/Desktop/Demo_presentation/Automation-Testing-Demo/android_behave/conf/android-properties.cfg
DEBUG   2018-09-21 11:24:31,897 [config_parser] Properties config file not found: /home/xolanimxoxozi/Desktop/Demo_presentation/Automation-Testing-Demo/android_behave/conf/local-android-properties.cfg
INFO    2018-09-21 11:24:31,900 [config_driver] Creating local driver (type = android)
DEBUG   2018-09-21 11:24:31,900 [config_driver] Added Appium server capability: deviceName = Android Emulator
DEBUG   2018-09-21 11:24:31,900 [config_driver] Added Appium server capability: automationName = Appium
DEBUG   2018-09-21 11:24:31,900 [config_driver] Added Appium server capability: browserName = 
DEBUG   2018-09-21 11:24:31,900 [config_driver] Added Appium server capability: appWaitActivity = 
DEBUG   2018-09-21 11:24:31,900 [config_driver] Added Appium server capability: platformName = Android
DEBUG   2018-09-21 11:24:31,900 [config_driver] Added Appium server capability: app = https://github.com/appium/javascript-workshop/blob/master/apps/ApiDemos.apk?raw=true&fake=.apk
DEBUG   2018-09-21 11:24:45,766 [driver_wrapper] Window size: 768 x 1184
INFO    2018-09-21 11:24:45,813 [environment] Running new scenario: Run animation
INFO    2018-09-21 11:24:59,283 [environment] The scenario 'Run animation' has passed
DEBUG   2018-09-21 11:30:18,649 [config_parser] Reading properties from file: /home/xolanimxoxozi/Desktop/Demo_presentation/Automation-Testing-Demo/android_behave/conf/properties.cfg
DEBUG   2018-09-21 11:30:18,651 [config_parser] Reading properties from file: /home/xolanimxoxozi/Desktop/Demo_presentation/Automation-Testing-Demo/android_behave/conf/android-properties.cfg
DEBUG   2018-09-21 11:30:18,652 [config_parser] Properties config file not found: /home/xolanimxoxozi/Desktop/Demo_presentation/Automation-Testing-Demo/android_behave/conf/local-android-properties.cfg
DEBUG   2018-09-21 11:30:18,653 [config_parser] Reading properties from file: /home/xolanimxoxozi/Desktop/Demo_presentation/Automation-Testing-Demo/android_behave/conf/android-properties.cfg
DEBUG   2018-09-21 11:30:18,655 [config_parser] Properties config file not found: /home/xolanimxoxozi/Desktop/Demo_presentation/Automation-Testing-Demo/android_behave/conf/local-android-properties.cfg
DEBUG   2018-09-21 11:30:18,656 [config_parser] Reading properties from file: /home/xolanimxoxozi/Desktop/Demo_presentation/Automation-Testing-Demo/android_behave/conf/android-properties.cfg
DEBUG   2018-09-21 11:30:18,656 [config_parser] Properties config file not found: /home/xolanimxoxozi/Desktop/Demo_presentation/Automation-Testing-Demo/android_behave/conf/local-android-properties.cfg
DEBUG   2018-09-21 11:30:18,656 [config_parser] Reading properties from file: /home/xolanimxoxozi/Desktop/Demo_presentation/Automation-Testing-Demo/android_behave/conf/android-properties.cfg
DEBUG   2018-09-21 11:30:18,656 [config_parser] Properties config file not found: /home/xolanimxoxozi/Desktop/Demo_presentation/Automation-Testing-Demo/android_behave/conf/local-android-properties.cfg
INFO    2018-09-21 11:30:18,660 [config_driver] Creating local driver (type = android)
DEBUG   2018-09-21 11:30:18,661 [config_driver] Added Appium server capability: deviceName = Android Emulator
DEBUG   2018-09-21 11:30:18,661 [config_driver] Added Appium server capability: automationName = Appium
DEBUG   2018-09-21 11:30:18,661 [config_driver] Added Appium server capability: browserName = 
DEBUG   2018-09-21 11:30:18,661 [config_driver] Added Appium server capability: appWaitActivity = 
DEBUG   2018-09-21 11:30:18,661 [config_driver] Added Appium server capability: platformName = Android
DEBUG   2018-09-21 11:30:18,662 [config_driver] Added Appium server capability: app = https://github.com/appium/javascript-workshop/blob/master/apps/ApiDemos.apk?raw=true&fake=.apk
DEBUG   2018-09-21 11:30:33,437 [driver_wrapper] Window size: 1440 x 2560
INFO    2018-09-21 11:30:33,512 [environment] Running new scenario: Run animation
INFO    2018-09-21 11:30:49,245 [environment] The scenario 'Run animation' has passed
DEBUG   2018-09-21 12:15:02,352 [config_parser] Reading properties from file: /home/xolanimxoxozi/Desktop/Demo_presentation/Automation-Testing-Demo/android_behave/conf/properties.cfg
DEBUG   2018-09-21 12:15:02,353 [config_parser] Reading properties from file: /home/xolanimxoxozi/Desktop/Demo_presentation/Automation-Testing-Demo/android_behave/conf/android-properties.cfg
DEBUG   2018-09-21 12:15:02,354 [config_parser] Properties config file not found: /home/xolanimxoxozi/Desktop/Demo_presentation/Automation-Testing-Demo/android_behave/conf/local-android-properties.cfg
DEBUG   2018-09-21 12:15:02,354 [config_parser] Reading properties from file: /home/xolanimxoxozi/Desktop/Demo_presentation/Automation-Testing-Demo/android_behave/conf/android-properties.cfg
DEBUG   2018-09-21 12:15:02,355 [config_parser] Properties config file not found: /home/xolanimxoxozi/Desktop/Demo_presentation/Automation-Testing-Demo/android_behave/conf/local-android-properties.cfg
DEBUG   2018-09-21 12:15:02,355 [config_parser] Reading properties from file: /home/xolanimxoxozi/Desktop/Demo_presentation/Automation-Testing-Demo/android_behave/conf/android-properties.cfg
DEBUG   2018-09-21 12:15:02,355 [config_parser] Properties config file not found: /home/xolanimxoxozi/Desktop/Demo_presentation/Automation-Testing-Demo/android_behave/conf/local-android-properties.cfg
DEBUG   2018-09-21 12:15:02,356 [config_parser] Reading properties from file: /home/xolanimxoxozi/Desktop/Demo_presentation/Automation-Testing-Demo/android_behave/conf/android-properties.cfg
DEBUG   2018-09-21 12:15:02,356 [config_parser] Properties config file not found: /home/xolanimxoxozi/Desktop/Demo_presentation/Automation-Testing-Demo/android_behave/conf/local-android-properties.cfg
INFO    2018-09-21 12:15:02,359 [config_driver] Creating local driver (type = android)
DEBUG   2018-09-21 12:15:02,360 [config_driver] Added Appium server capability: deviceName = Android Emulator
DEBUG   2018-09-21 12:15:02,360 [config_driver] Added Appium server capability: automationName = Appium
DEBUG   2018-09-21 12:15:02,360 [config_driver] Added Appium server capability: browserName = 
DEBUG   2018-09-21 12:15:02,360 [config_driver] Added Appium server capability: appWaitActivity = 
DEBUG   2018-09-21 12:15:02,360 [config_driver] Added Appium server capability: platformName = Android
DEBUG   2018-09-21 12:15:02,360 [config_driver] Added Appium server capability: app = https://github.com/appium/javascript-workshop/blob/master/apps/ApiDemos.apk?raw=true&fake=.apk
DEBUG   2018-09-21 12:15:31,099 [driver_wrapper] Window size: 1440 x 2560
INFO    2018-09-21 12:15:31,172 [environment] Running new scenario: Run animation
INFO    2018-09-21 12:15:45,574 [environment] The scenario 'Run animation' has passed
DEBUG   2018-09-21 15:08:07,106 [config_parser] Reading properties from file: /home/xolanimxoxozi/Desktop/Demo_presentation/Automation-Testing-Demo/android_behave/conf/properties.cfg
DEBUG   2018-09-21 15:08:07,107 [config_parser] Reading properties from file: /home/xolanimxoxozi/Desktop/Demo_presentation/Automation-Testing-Demo/android_behave/conf/android-properties.cfg
DEBUG   2018-09-21 15:08:07,107 [config_parser] Properties config file not found: /home/xolanimxoxozi/Desktop/Demo_presentation/Automation-Testing-Demo/android_behave/conf/local-android-properties.cfg
DEBUG   2018-09-21 15:08:07,108 [config_parser] Reading properties from file: /home/xolanimxoxozi/Desktop/Demo_presentation/Automation-Testing-Demo/android_behave/conf/android-properties.cfg
DEBUG   2018-09-21 15:08:07,108 [config_parser] Properties config file not found: /home/xolanimxoxozi/Desktop/Demo_presentation/Automation-Testing-Demo/android_behave/conf/local-android-properties.cfg
DEBUG   2018-09-21 15:08:07,108 [config_parser] Reading properties from file: /home/xolanimxoxozi/Desktop/Demo_presentation/Automation-Testing-Demo/android_behave/conf/android-properties.cfg
DEBUG   2018-09-21 15:08:07,108 [config_parser] Properties config file not found: /home/xolanimxoxozi/Desktop/Demo_presentation/Automation-Testing-Demo/android_behave/conf/local-android-properties.cfg
DEBUG   2018-09-21 15:08:07,109 [config_parser] Reading properties from file: /home/xolanimxoxozi/Desktop/Demo_presentation/Automation-Testing-Demo/android_behave/conf/android-properties.cfg
DEBUG   2018-09-21 15:08:07,109 [config_parser] Properties config file not found: /home/xolanimxoxozi/Desktop/Demo_presentation/Automation-Testing-Demo/android_behave/conf/local-android-properties.cfg
INFO    2018-09-21 15:08:07,114 [config_driver] Creating local driver (type = android)
DEBUG   2018-09-21 15:08:07,114 [config_driver] Added Appium server capability: deviceName = Android Emulator
DEBUG   2018-09-21 15:08:07,114 [config_driver] Added Appium server capability: automationName = Appium
DEBUG   2018-09-21 15:08:07,114 [config_driver] Added Appium server capability: browserName = 
DEBUG   2018-09-21 15:08:07,114 [config_driver] Added Appium server capability: appWaitActivity = 
DEBUG   2018-09-21 15:08:07,114 [config_driver] Added Appium server capability: platformName = Android
DEBUG   2018-09-21 15:08:07,115 [config_driver] Added Appium server capability: app = https://github.com/appium/javascript-workshop/blob/master/apps/ApiDemos.apk?raw=true&fake=.apk
DEBUG   2018-09-21 15:08:21,798 [driver_wrapper] Window size: 1440 x 2560
INFO    2018-09-21 15:08:21,864 [environment] Running new scenario: Run animation
INFO    2018-09-21 15:08:36,052 [environment] The scenario 'Run animation' has passed
DEBUG   2018-09-26 15:32:19,854 [config_parser] Reading properties from file: /home/xolanimxoxozi/Desktop/Demo_presentation/Automation-Testing-Demo/android_behave/conf/properties.cfg
DEBUG   2018-09-26 15:32:19,854 [config_parser] Reading properties from file: /home/xolanimxoxozi/Desktop/Demo_presentation/Automation-Testing-Demo/android_behave/conf/android-properties.cfg
DEBUG   2018-09-26 15:32:19,854 [config_parser] Properties config file not found: /home/xolanimxoxozi/Desktop/Demo_presentation/Automation-Testing-Demo/android_behave/conf/local-android-properties.cfg
DEBUG   2018-09-26 15:32:19,855 [config_parser] Reading properties from file: /home/xolanimxoxozi/Desktop/Demo_presentation/Automation-Testing-Demo/android_behave/conf/android-properties.cfg
DEBUG   2018-09-26 15:32:19,855 [config_parser] Properties config file not found: /home/xolanimxoxozi/Desktop/Demo_presentation/Automation-Testing-Demo/android_behave/conf/local-android-properties.cfg
DEBUG   2018-09-26 15:32:19,855 [config_parser] Reading properties from file: /home/xolanimxoxozi/Desktop/Demo_presentation/Automation-Testing-Demo/android_behave/conf/android-properties.cfg
DEBUG   2018-09-26 15:32:19,855 [config_parser] Properties config file not found: /home/xolanimxoxozi/Desktop/Demo_presentation/Automation-Testing-Demo/android_behave/conf/local-android-properties.cfg
DEBUG   2018-09-26 15:32:19,855 [config_parser] Reading properties from file: /home/xolanimxoxozi/Desktop/Demo_presentation/Automation-Testing-Demo/android_behave/conf/android-properties.cfg
DEBUG   2018-09-26 15:32:19,855 [config_parser] Properties config file not found: /home/xolanimxoxozi/Desktop/Demo_presentation/Automation-Testing-Demo/android_behave/conf/local-android-properties.cfg
INFO    2018-09-26 15:32:19,858 [config_driver] Creating local driver (type = android)
DEBUG   2018-09-26 15:32:19,859 [config_driver] Added Appium server capability: deviceName = Android Emulator
DEBUG   2018-09-26 15:32:19,859 [config_driver] Added Appium server capability: automationName = Appium
DEBUG   2018-09-26 15:32:19,859 [config_driver] Added Appium server capability: browserName = 
DEBUG   2018-09-26 15:32:19,859 [config_driver] Added Appium server capability: appWaitActivity = 
DEBUG   2018-09-26 15:32:19,859 [config_driver] Added Appium server capability: platformName = Android
DEBUG   2018-09-26 15:32:19,859 [config_driver] Added Appium server capability: app = https://github.com/appium/javascript-workshop/blob/master/apps/ApiDemos.apk?raw=true&fake=.apk
INFO    2018-09-26 15:32:19,859 [remote_connection] Could not connect to port 4723 on host 127.0.0.1
INFO    2018-09-26 15:32:19,859 [remote_connection] Could not get IP address for host: 127.0.0.1
ERROR   2018-09-26 15:32:19,860 [config_driver] Android driver can not be launched: <urlopen error [Errno 111] Connection refused>
ERROR   2018-09-26 15:32:19,860 [environment] The scenario 'Run animation' has failed
>>>>>>> dev
DEBUG   2018-09-27 19:52:54,841 [config_parser] Reading properties from file: /home/xolanimxoxozi/Desktop/Demo_presentation/Automation-Testing-Demo/android_behave/conf/properties.cfg
DEBUG   2018-09-27 19:52:54,843 [config_parser] Reading properties from file: /home/xolanimxoxozi/Desktop/Demo_presentation/Automation-Testing-Demo/android_behave/conf/android-properties.cfg
DEBUG   2018-09-27 19:52:54,843 [config_parser] Properties config file not found: /home/xolanimxoxozi/Desktop/Demo_presentation/Automation-Testing-Demo/android_behave/conf/local-android-properties.cfg
DEBUG   2018-09-27 19:52:54,846 [config_parser] Reading properties from file: /home/xolanimxoxozi/Desktop/Demo_presentation/Automation-Testing-Demo/android_behave/conf/android-properties.cfg
DEBUG   2018-09-27 19:52:54,846 [config_parser] Properties config file not found: /home/xolanimxoxozi/Desktop/Demo_presentation/Automation-Testing-Demo/android_behave/conf/local-android-properties.cfg
DEBUG   2018-09-27 19:52:54,848 [config_parser] Reading properties from file: /home/xolanimxoxozi/Desktop/Demo_presentation/Automation-Testing-Demo/android_behave/conf/android-properties.cfg
DEBUG   2018-09-27 19:52:54,848 [config_parser] Properties config file not found: /home/xolanimxoxozi/Desktop/Demo_presentation/Automation-Testing-Demo/android_behave/conf/local-android-properties.cfg
DEBUG   2018-09-27 19:52:54,849 [config_parser] Reading properties from file: /home/xolanimxoxozi/Desktop/Demo_presentation/Automation-Testing-Demo/android_behave/conf/android-properties.cfg
DEBUG   2018-09-27 19:52:54,849 [config_parser] Properties config file not found: /home/xolanimxoxozi/Desktop/Demo_presentation/Automation-Testing-Demo/android_behave/conf/local-android-properties.cfg
INFO    2018-09-27 19:52:54,854 [config_driver] Creating local driver (type = android)
DEBUG   2018-09-27 19:52:54,855 [config_driver] Added Appium server capability: deviceName = Android Emulator
DEBUG   2018-09-27 19:52:54,855 [config_driver] Added Appium server capability: automationName = Appium
DEBUG   2018-09-27 19:52:54,855 [config_driver] Added Appium server capability: browserName = 
DEBUG   2018-09-27 19:52:54,855 [config_driver] Added Appium server capability: appWaitActivity = 
DEBUG   2018-09-27 19:52:54,856 [config_driver] Added Appium server capability: platformName = Android
DEBUG   2018-09-27 19:52:54,856 [config_driver] Added Appium server capability: app = https://github.com/appium/javascript-workshop/blob/master/apps/ApiDemos.apk?raw=true&fake=.apk
DEBUG   2018-09-27 19:53:05,529 [driver_wrapper] Window size: 1440 x 2560
INFO    2018-09-27 19:53:05,593 [environment] Running new scenario: Run animation
INFO    2018-09-27 19:53:19,953 [environment] The scenario 'Run animation' has passed
DEBUG   2018-09-27 20:06:25,998 [config_parser] Reading properties from file: /home/xolanimxoxozi/Desktop/Demo_presentation/Automation-Testing-Demo/android_behave/conf/properties.cfg
DEBUG   2018-09-27 20:06:25,999 [config_parser] Reading properties from file: /home/xolanimxoxozi/Desktop/Demo_presentation/Automation-Testing-Demo/android_behave/conf/android-properties.cfg
DEBUG   2018-09-27 20:06:25,999 [config_parser] Properties config file not found: /home/xolanimxoxozi/Desktop/Demo_presentation/Automation-Testing-Demo/android_behave/conf/local-android-properties.cfg
DEBUG   2018-09-27 20:06:26,000 [config_parser] Reading properties from file: /home/xolanimxoxozi/Desktop/Demo_presentation/Automation-Testing-Demo/android_behave/conf/android-properties.cfg
DEBUG   2018-09-27 20:06:26,001 [config_parser] Properties config file not found: /home/xolanimxoxozi/Desktop/Demo_presentation/Automation-Testing-Demo/android_behave/conf/local-android-properties.cfg
DEBUG   2018-09-27 20:06:26,001 [config_parser] Reading properties from file: /home/xolanimxoxozi/Desktop/Demo_presentation/Automation-Testing-Demo/android_behave/conf/android-properties.cfg
DEBUG   2018-09-27 20:06:26,002 [config_parser] Properties config file not found: /home/xolanimxoxozi/Desktop/Demo_presentation/Automation-Testing-Demo/android_behave/conf/local-android-properties.cfg
DEBUG   2018-09-27 20:06:26,003 [config_parser] Reading properties from file: /home/xolanimxoxozi/Desktop/Demo_presentation/Automation-Testing-Demo/android_behave/conf/android-properties.cfg
DEBUG   2018-09-27 20:06:26,003 [config_parser] Properties config file not found: /home/xolanimxoxozi/Desktop/Demo_presentation/Automation-Testing-Demo/android_behave/conf/local-android-properties.cfg
INFO    2018-09-27 20:06:26,007 [config_driver] Creating local driver (type = android)
DEBUG   2018-09-27 20:06:26,008 [config_driver] Added Appium server capability: deviceName = Android Emulator
DEBUG   2018-09-27 20:06:26,008 [config_driver] Added Appium server capability: automationName = Appium
DEBUG   2018-09-27 20:06:26,008 [config_driver] Added Appium server capability: browserName = 
DEBUG   2018-09-27 20:06:26,009 [config_driver] Added Appium server capability: appWaitActivity = 
DEBUG   2018-09-27 20:06:26,009 [config_driver] Added Appium server capability: platformName = Android
DEBUG   2018-09-27 20:06:26,009 [config_driver] Added Appium server capability: app = https://github.com/appium/javascript-workshop/blob/master/apps/ApiDemos.apk?raw=true&fake=.apk
DEBUG   2018-09-27 20:06:37,645 [driver_wrapper] Window size: 1440 x 2560
INFO    2018-09-27 20:06:37,705 [environment] Running new scenario: Run animation
INFO    2018-09-27 20:07:20,835 [environment] The scenario 'Run animation' has passed
DEBUG   2018-09-28 09:02:51,330 [config_parser] Reading properties from file: /home/xolanimxoxozi/Desktop/Demo_presentation/Automation-Testing-Demo/android_behave/conf/properties.cfg
DEBUG   2018-09-28 09:02:51,331 [config_parser] Reading properties from file: /home/xolanimxoxozi/Desktop/Demo_presentation/Automation-Testing-Demo/android_behave/conf/android-properties.cfg
DEBUG   2018-09-28 09:02:51,332 [config_parser] Properties config file not found: /home/xolanimxoxozi/Desktop/Demo_presentation/Automation-Testing-Demo/android_behave/conf/local-android-properties.cfg
DEBUG   2018-09-28 09:02:51,332 [config_parser] Reading properties from file: /home/xolanimxoxozi/Desktop/Demo_presentation/Automation-Testing-Demo/android_behave/conf/android-properties.cfg
DEBUG   2018-09-28 09:02:51,333 [config_parser] Properties config file not found: /home/xolanimxoxozi/Desktop/Demo_presentation/Automation-Testing-Demo/android_behave/conf/local-android-properties.cfg
DEBUG   2018-09-28 09:02:51,334 [config_parser] Reading properties from file: /home/xolanimxoxozi/Desktop/Demo_presentation/Automation-Testing-Demo/android_behave/conf/android-properties.cfg
DEBUG   2018-09-28 09:02:51,334 [config_parser] Properties config file not found: /home/xolanimxoxozi/Desktop/Demo_presentation/Automation-Testing-Demo/android_behave/conf/local-android-properties.cfg
DEBUG   2018-09-28 09:02:51,334 [config_parser] Reading properties from file: /home/xolanimxoxozi/Desktop/Demo_presentation/Automation-Testing-Demo/android_behave/conf/android-properties.cfg
DEBUG   2018-09-28 09:02:51,334 [config_parser] Properties config file not found: /home/xolanimxoxozi/Desktop/Demo_presentation/Automation-Testing-Demo/android_behave/conf/local-android-properties.cfg
INFO    2018-09-28 09:02:51,338 [config_driver] Creating local driver (type = android)
DEBUG   2018-09-28 09:02:51,339 [config_driver] Added Appium server capability: deviceName = Android Emulator
DEBUG   2018-09-28 09:02:51,339 [config_driver] Added Appium server capability: automationName = Appium
DEBUG   2018-09-28 09:02:51,339 [config_driver] Added Appium server capability: browserName = 
DEBUG   2018-09-28 09:02:51,339 [config_driver] Added Appium server capability: appWaitActivity = 
DEBUG   2018-09-28 09:02:51,339 [config_driver] Added Appium server capability: platformName = Android
DEBUG   2018-09-28 09:02:51,339 [config_driver] Added Appium server capability: app = https://github.com/appium/javascript-workshop/blob/master/apps/ApiDemos.apk?raw=true&fake=.apk
DEBUG   2018-09-28 09:03:05,700 [driver_wrapper] Window size: 1440 x 2560
INFO    2018-09-28 09:03:05,829 [environment] Running new scenario: Run animation
INFO    2018-09-28 09:03:49,300 [environment] The scenario 'Run animation' has passed
